2021-11-13 20:12:16,247:INFO:PyCaret Supervised Module
2021-11-13 20:12:16,248:INFO:ML Usecase: classification
2021-11-13 20:12:16,248:INFO:version 2.3.4
2021-11-13 20:12:16,248:INFO:Initializing setup()
2021-11-13 20:12:16,248:INFO:setup(target=adopted, ml_usecase=classification, available_plots={'parameter': 'Hyperparameters', 'auc': 'AUC', 'confusion_matrix': 'Confusion Matrix', 'threshold': 'Threshold', 'pr': 'Precision Recall', 'error': 'Prediction Error', 'class_report': 'Class Report', 'rfe': 'Feature Selection', 'learning': 'Learning Curve', 'manifold': 'Manifold Learning', 'calibration': 'Calibration Curve', 'vc': 'Validation Curve', 'dimension': 'Dimensions', 'feature': 'Feature Importance', 'feature_all': 'Feature Importance (All)', 'boundary': 'Decision Boundary', 'lift': 'Lift Chart', 'gain': 'Gain Chart', 'tree': 'Decision Tree', 'ks': 'KS Statistic Plot'}, train_size=0.7, test_data=None, preprocess=True, imputation_type=simple, iterative_imputation_iters=5, categorical_features=None, categorical_imputation=constant, categorical_iterative_imputer=lightgbm, ordinal_features=None, high_cardinality_features=None, high_cardinality_method=frequency, numeric_features=None, numeric_imputation=mean, numeric_iterative_imputer=lightgbm, date_features=None, ignore_features=None, normalize=False, normalize_method=zscore, transformation=False, transformation_method=yeo-johnson, handle_unknown_categorical=True, unknown_categorical_method=least_frequent, pca=False, pca_method=linear, pca_components=None, ignore_low_variance=False, combine_rare_levels=False, rare_level_threshold=0.1, bin_numeric_features=None, remove_outliers=False, outliers_threshold=0.05, remove_multicollinearity=False, multicollinearity_threshold=0.9, remove_perfect_collinearity=True, create_clusters=False, cluster_iter=20, polynomial_features=False, polynomial_degree=2, trigonometry_features=False, polynomial_threshold=0.1, group_features=None, group_names=None, feature_selection=False, feature_selection_threshold=0.8, feature_selection_method=classic, feature_interaction=False, feature_ratio=False, interaction_threshold=0.01, fix_imbalance=False, fix_imbalance_method=None, transform_target=False, transform_target_method=box-cox, data_split_shuffle=True, data_split_stratify=False, fold_strategy=stratifiedkfold, fold=10, fold_shuffle=False, fold_groups=None, n_jobs=-1, use_gpu=False, custom_pipeline=None, html=True, session_id=1, log_experiment=False, experiment_name=None, log_plots=False, log_profile=False, log_data=False, silent=True, verbose=True, profile=False, profile_kwargs=None, display=None)
2021-11-13 20:12:16,250:INFO:Checking environment
2021-11-13 20:12:16,250:INFO:python_version: 3.8.5
2021-11-13 20:12:16,250:INFO:python_build: ('default', 'Sep  3 2020 21:29:08')
2021-11-13 20:12:16,250:INFO:machine: AMD64
2021-11-13 20:12:16,251:INFO:platform: Windows-10-10.0.19041-SP0
2021-11-13 20:12:16,251:INFO:Memory: svmem(total=17014509568, available=7351803904, percent=56.8, used=9662705664, free=7351803904)
2021-11-13 20:12:16,251:INFO:Physical Core: 6
2021-11-13 20:12:16,251:INFO:Logical Core: 12
2021-11-13 20:12:16,251:INFO:Checking libraries
2021-11-13 20:12:16,251:INFO:pd==1.1.3
2021-11-13 20:12:16,251:INFO:numpy==1.19.5
2021-11-13 20:12:16,251:INFO:sklearn==0.23.2
2021-11-13 20:12:16,251:INFO:lightgbm==3.2.1
2021-11-13 20:12:16,348:INFO:catboost==0.25.1
2021-11-13 20:12:16,413:INFO:xgboost==1.4.1
2021-11-13 20:12:16,984:INFO:mlflow==1.21.0
2021-11-13 20:12:16,984:INFO:Checking Exceptions
2021-11-13 20:12:16,984:INFO:Declaring global variables
2021-11-13 20:12:16,984:INFO:USI: c5d9
2021-11-13 20:12:16,984:INFO:pycaret_globals: {'display_container', '_internal_pipeline', 'pycaret_globals', 'logging_param', 'y_test', 'html_param', 'stratify_param', 'X_train', 'exp_name_log', 'imputation_classifier', 'X_test', 'experiment__', 'fold_generator', 'fold_shuffle_param', 'create_model_container', 'fold_groups_param', 'prep_pipe', '_available_plots', 'USI', '_gpu_n_jobs_param', 'target_param', '_all_metrics', 'fix_imbalance_param', '_ml_usecase', 'X', 'transform_target_param', 'y', 'y_train', 'iterative_imputation_iters_param', 'imputation_regressor', 'fold_param', 'log_plots_param', '_all_models', 'fix_imbalance_method_param', 'data_before_preprocess', 'transform_target_method_param', 'seed', 'master_model_container', 'gpu_param', 'n_jobs_param', '_all_models_internal', 'fold_groups_param_full'}
2021-11-13 20:12:16,984:INFO:Preparing display monitor
2021-11-13 20:12:16,985:INFO:Preparing display monitor
2021-11-13 20:12:16,996:INFO:Importing libraries
2021-11-13 20:12:16,996:INFO:Copying data for preprocessing
2021-11-13 20:12:17,004:INFO:Declaring preprocessing parameters
2021-11-13 20:12:17,008:INFO:Creating preprocessing pipeline
2021-11-13 20:12:17,047:INFO:Preprocessing pipeline created successfully
2021-11-13 20:12:17,047:ERROR:(Process Exit): setup has been interupted with user command 'quit'. setup must rerun.
2021-11-13 20:12:17,047:INFO:Creating global containers
2021-11-13 20:12:17,049:INFO:Internal pipeline: Pipeline(memory=None, steps=[('empty_step', 'passthrough')], verbose=False)
2021-11-13 20:12:18,011:INFO:Creating grid variables
2021-11-13 20:12:18,037:INFO:create_model_container: 0
2021-11-13 20:12:18,038:INFO:master_model_container: 0
2021-11-13 20:12:18,038:INFO:display_container: 1
2021-11-13 20:12:18,043:INFO:Pipeline(memory=None,
         steps=[('dtypes',
                 DataTypes_Auto_infer(categorical_features=[],
                                      display_types=False, features_todrop=[],
                                      id_columns=[],
                                      ml_usecase='classification',
                                      numerical_features=[], target='adopted',
                                      time_features=[])),
                ('imputer',
                 Simple_Imputer(categorical_strategy='not_available',
                                fill_value_categorical=None,
                                fill_value_numerical=None,
                                numeric_str...
                ('scaling', 'passthrough'), ('P_transform', 'passthrough'),
                ('binn', 'passthrough'), ('rem_outliers', 'passthrough'),
                ('cluster_all', 'passthrough'),
                ('dummy', Dummify(target='adopted')),
                ('fix_perfect', Remove_100(target='adopted')),
                ('clean_names', Clean_Colum_Names()),
                ('feature_select', 'passthrough'), ('fix_multi', 'passthrough'),
                ('dfs', 'passthrough'), ('pca', 'passthrough')],
         verbose=False)
2021-11-13 20:12:18,043:INFO:setup() succesfully completed......................................
2021-11-13 20:13:25,014:INFO:Initializing get_config()
2021-11-13 20:13:25,015:INFO:get_config(variable=X)
2021-11-13 20:13:25,021:INFO:Global variable: X returned as        creation_time  last_session_creation_time  org_id  invited_by_user_id  \
0             7963.0                1.398139e+09    11.0        10803.000000   
1             5590.0                1.396238e+09     1.0          316.000000   
2             5590.0                1.396238e+09     1.0          316.000000   
3             5590.0                1.396238e+09     1.0          316.000000   
4             5590.0                1.396238e+09     1.0          316.000000   
...              ...                         ...     ...                 ...   
57167         4721.0                1.378448e+09    89.0         8263.000000   
57168         2126.0                1.358275e+09   200.0         5986.220215   
57169         8052.0                1.398603e+09    83.0         8074.000000   
57170            4.0                1.338638e+09     6.0         5986.220215   
57171         6565.0                1.390727e+09     0.0         5986.220215   

       creation_source_0  creation_source_1  creation_source_2  \
0                    1.0                0.0                0.0   
1                    0.0                1.0                0.0   
2                    0.0                1.0                0.0   
3                    0.0                1.0                0.0   
4                    0.0                1.0                0.0   
...                  ...                ...                ...   
57167                0.0                1.0                0.0   
57168                0.0                0.0                0.0   
57169                1.0                0.0                0.0   
57170                0.0                0.0                1.0   
57171                0.0                0.0                0.0   

       creation_source_3  creation_source_4  opted_in_to_mailing_list_0  \
0                    0.0                0.0                         0.0   
1                    0.0                0.0                         1.0   
2                    0.0                0.0                         1.0   
3                    0.0                0.0                         1.0   
4                    0.0                0.0                         1.0   
...                  ...                ...                         ...   
57167                0.0                0.0                         1.0   
57168                0.0                1.0                         1.0   
57169                0.0                0.0                         0.0   
57170                0.0                0.0                         1.0   
57171                1.0                0.0                         1.0   

       enabled_for_marketing_drip_0  
0                               1.0  
1                               1.0  
2                               1.0  
3                               1.0  
4                               1.0  
...                             ...  
57167                           1.0  
57168                           1.0  
57169                           0.0  
57170                           1.0  
57171                           0.0  

[57172 rows x 11 columns]
2021-11-13 20:13:25,021:INFO:get_config() succesfully completed......................................
2021-11-13 20:13:44,086:INFO:Initializing compare_models()
2021-11-13 20:13:44,086:INFO:compare_models(include=None, fold=None, round=4, cross_validation=True, sort=Accuracy, n_select=1, budget_time=None, turbo=True, errors=ignore, fit_kwargs=None, groups=None, verbose=True, display=None, exclude=None)
2021-11-13 20:13:44,086:INFO:Checking exceptions
2021-11-13 20:13:44,088:INFO:Preparing display monitor
2021-11-13 20:13:44,088:INFO:Preparing display monitor
2021-11-13 20:13:44,111:INFO:Initializing Logistic Regression
2021-11-13 20:13:44,112:INFO:Total runtime is 1.657406489054362e-05 minutes
2021-11-13 20:13:44,120:INFO:SubProcess create_model() called ==================================
2021-11-13 20:13:44,120:INFO:Initializing create_model()
2021-11-13 20:13:44,120:INFO:create_model(estimator=lr, fold=StratifiedKFold(n_splits=10, random_state=None, shuffle=False), round=4, cross_validation=True, predict=True, fit_kwargs={}, groups=None, refit=False, verbose=False, system=False, metrics=None, add_to_model_list=True, display=<pycaret.internal.Display.Display object at 0x0000013F0E38BB80>, kwargs={})
2021-11-13 20:13:44,121:INFO:Checking exceptions
2021-11-13 20:13:44,121:INFO:Importing libraries
2021-11-13 20:13:44,121:INFO:Copying training dataset
2021-11-13 20:13:44,122:INFO:Defining folds
2021-11-13 20:13:44,122:INFO:Declaring metric variables
2021-11-13 20:13:44,130:INFO:Importing untrained model
2021-11-13 20:13:44,139:INFO:Logistic Regression Imported succesfully
2021-11-13 20:13:44,157:INFO:Starting cross validation
2021-11-13 20:13:44,158:INFO:Cross validating with StratifiedKFold(n_splits=10, random_state=None, shuffle=False), n_jobs=-1
2021-11-13 20:13:49,703:INFO:Calculating mean and std
2021-11-13 20:13:49,704:INFO:Creating metrics dataframe
2021-11-13 20:13:49,707:INFO:Uploading results into container
2021-11-13 20:13:49,707:INFO:Uploading model into container now
2021-11-13 20:13:49,707:INFO:create_model_container: 1
2021-11-13 20:13:49,707:INFO:master_model_container: 1
2021-11-13 20:13:49,708:INFO:display_container: 2
2021-11-13 20:13:49,708:INFO:LogisticRegression(C=1.0, class_weight=None, dual=False, fit_intercept=True,
                   intercept_scaling=1, l1_ratio=None, max_iter=1000,
                   multi_class='auto', n_jobs=None, penalty='l2',
                   random_state=1, solver='lbfgs', tol=0.0001, verbose=0,
                   warm_start=False)
2021-11-13 20:13:49,708:INFO:create_model() succesfully completed......................................
2021-11-13 20:13:49,766:INFO:SubProcess create_model() end ==================================
2021-11-13 20:13:49,766:INFO:Creating metrics dataframe
2021-11-13 20:13:49,781:INFO:Initializing K Neighbors Classifier
2021-11-13 20:13:49,782:INFO:Total runtime is 0.0945240298906962 minutes
2021-11-13 20:13:49,789:INFO:SubProcess create_model() called ==================================
2021-11-13 20:13:49,789:INFO:Initializing create_model()
2021-11-13 20:13:49,789:INFO:create_model(estimator=knn, fold=StratifiedKFold(n_splits=10, random_state=None, shuffle=False), round=4, cross_validation=True, predict=True, fit_kwargs={}, groups=None, refit=False, verbose=False, system=False, metrics=None, add_to_model_list=True, display=<pycaret.internal.Display.Display object at 0x0000013F0E38BB80>, kwargs={})
2021-11-13 20:13:49,789:INFO:Checking exceptions
2021-11-13 20:13:49,790:INFO:Importing libraries
2021-11-13 20:13:49,790:INFO:Copying training dataset
2021-11-13 20:13:49,791:INFO:Defining folds
2021-11-13 20:13:49,791:INFO:Declaring metric variables
2021-11-13 20:13:49,799:INFO:Importing untrained model
2021-11-13 20:13:49,807:INFO:K Neighbors Classifier Imported succesfully
2021-11-13 20:13:49,823:INFO:Starting cross validation
2021-11-13 20:13:49,824:INFO:Cross validating with StratifiedKFold(n_splits=10, random_state=None, shuffle=False), n_jobs=-1
2021-11-13 20:13:52,594:INFO:Calculating mean and std
2021-11-13 20:13:52,594:INFO:Creating metrics dataframe
2021-11-13 20:13:52,597:INFO:Uploading results into container
2021-11-13 20:13:52,597:INFO:Uploading model into container now
2021-11-13 20:13:52,598:INFO:create_model_container: 2
2021-11-13 20:13:52,598:INFO:master_model_container: 2
2021-11-13 20:13:52,598:INFO:display_container: 2
2021-11-13 20:13:52,598:INFO:KNeighborsClassifier(algorithm='auto', leaf_size=30, metric='minkowski',
                     metric_params=None, n_jobs=-1, n_neighbors=5, p=2,
                     weights='uniform')
2021-11-13 20:13:52,598:INFO:create_model() succesfully completed......................................
2021-11-13 20:13:52,659:INFO:SubProcess create_model() end ==================================
2021-11-13 20:13:52,659:INFO:Creating metrics dataframe
2021-11-13 20:13:52,674:INFO:Initializing Naive Bayes
2021-11-13 20:13:52,674:INFO:Total runtime is 0.14271472692489623 minutes
2021-11-13 20:13:52,682:INFO:SubProcess create_model() called ==================================
2021-11-13 20:13:52,682:INFO:Initializing create_model()
2021-11-13 20:13:52,682:INFO:create_model(estimator=nb, fold=StratifiedKFold(n_splits=10, random_state=None, shuffle=False), round=4, cross_validation=True, predict=True, fit_kwargs={}, groups=None, refit=False, verbose=False, system=False, metrics=None, add_to_model_list=True, display=<pycaret.internal.Display.Display object at 0x0000013F0E38BB80>, kwargs={})
2021-11-13 20:13:52,682:INFO:Checking exceptions
2021-11-13 20:13:52,683:INFO:Importing libraries
2021-11-13 20:13:52,683:INFO:Copying training dataset
2021-11-13 20:13:52,684:INFO:Defining folds
2021-11-13 20:13:52,684:INFO:Declaring metric variables
2021-11-13 20:13:52,691:INFO:Importing untrained model
2021-11-13 20:13:52,698:INFO:Naive Bayes Imported succesfully
2021-11-13 20:13:52,714:INFO:Starting cross validation
2021-11-13 20:13:52,715:INFO:Cross validating with StratifiedKFold(n_splits=10, random_state=None, shuffle=False), n_jobs=-1
2021-11-13 20:13:52,908:INFO:Calculating mean and std
2021-11-13 20:13:52,909:INFO:Creating metrics dataframe
2021-11-13 20:13:52,913:INFO:Uploading results into container
2021-11-13 20:13:52,913:INFO:Uploading model into container now
2021-11-13 20:13:52,913:INFO:create_model_container: 3
2021-11-13 20:13:52,913:INFO:master_model_container: 3
2021-11-13 20:13:52,913:INFO:display_container: 2
2021-11-13 20:13:52,913:INFO:GaussianNB(priors=None, var_smoothing=1e-09)
2021-11-13 20:13:52,913:INFO:create_model() succesfully completed......................................
2021-11-13 20:13:52,972:INFO:SubProcess create_model() end ==================================
2021-11-13 20:13:52,972:INFO:Creating metrics dataframe
2021-11-13 20:13:52,988:INFO:Initializing Decision Tree Classifier
2021-11-13 20:13:52,989:INFO:Total runtime is 0.14795958995819092 minutes
2021-11-13 20:13:52,996:INFO:SubProcess create_model() called ==================================
2021-11-13 20:13:52,996:INFO:Initializing create_model()
2021-11-13 20:13:52,996:INFO:create_model(estimator=dt, fold=StratifiedKFold(n_splits=10, random_state=None, shuffle=False), round=4, cross_validation=True, predict=True, fit_kwargs={}, groups=None, refit=False, verbose=False, system=False, metrics=None, add_to_model_list=True, display=<pycaret.internal.Display.Display object at 0x0000013F0E38BB80>, kwargs={})
2021-11-13 20:13:52,996:INFO:Checking exceptions
2021-11-13 20:13:52,996:INFO:Importing libraries
2021-11-13 20:13:52,997:INFO:Copying training dataset
2021-11-13 20:13:52,998:INFO:Defining folds
2021-11-13 20:13:52,998:INFO:Declaring metric variables
2021-11-13 20:13:53,006:INFO:Importing untrained model
2021-11-13 20:13:53,014:INFO:Decision Tree Classifier Imported succesfully
2021-11-13 20:13:53,030:INFO:Starting cross validation
2021-11-13 20:13:53,031:INFO:Cross validating with StratifiedKFold(n_splits=10, random_state=None, shuffle=False), n_jobs=-1
2021-11-13 20:13:53,362:INFO:Calculating mean and std
2021-11-13 20:13:53,363:INFO:Creating metrics dataframe
2021-11-13 20:13:53,366:INFO:Uploading results into container
2021-11-13 20:13:53,366:INFO:Uploading model into container now
2021-11-13 20:13:53,366:INFO:create_model_container: 4
2021-11-13 20:13:53,367:INFO:master_model_container: 4
2021-11-13 20:13:53,367:INFO:display_container: 2
2021-11-13 20:13:53,367:INFO:DecisionTreeClassifier(ccp_alpha=0.0, class_weight=None, criterion='gini',
                       max_depth=None, max_features=None, max_leaf_nodes=None,
                       min_impurity_decrease=0.0, min_impurity_split=None,
                       min_samples_leaf=1, min_samples_split=2,
                       min_weight_fraction_leaf=0.0, presort='deprecated',
                       random_state=1, splitter='best')
2021-11-13 20:13:53,367:INFO:create_model() succesfully completed......................................
2021-11-13 20:13:53,425:INFO:SubProcess create_model() end ==================================
2021-11-13 20:13:53,426:INFO:Creating metrics dataframe
2021-11-13 20:13:53,442:INFO:Initializing SVM - Linear Kernel
2021-11-13 20:13:53,442:INFO:Total runtime is 0.155512273311615 minutes
2021-11-13 20:13:53,450:INFO:SubProcess create_model() called ==================================
2021-11-13 20:13:53,450:INFO:Initializing create_model()
2021-11-13 20:13:53,450:INFO:create_model(estimator=svm, fold=StratifiedKFold(n_splits=10, random_state=None, shuffle=False), round=4, cross_validation=True, predict=True, fit_kwargs={}, groups=None, refit=False, verbose=False, system=False, metrics=None, add_to_model_list=True, display=<pycaret.internal.Display.Display object at 0x0000013F0E38BB80>, kwargs={})
2021-11-13 20:13:53,450:INFO:Checking exceptions
2021-11-13 20:13:53,450:INFO:Importing libraries
2021-11-13 20:13:53,450:INFO:Copying training dataset
2021-11-13 20:13:53,451:INFO:Defining folds
2021-11-13 20:13:53,452:INFO:Declaring metric variables
2021-11-13 20:13:53,459:INFO:Importing untrained model
2021-11-13 20:13:53,467:INFO:SVM - Linear Kernel Imported succesfully
2021-11-13 20:13:53,483:INFO:Starting cross validation
2021-11-13 20:13:53,484:INFO:Cross validating with StratifiedKFold(n_splits=10, random_state=None, shuffle=False), n_jobs=-1
2021-11-13 20:13:56,666:INFO:Calculating mean and std
2021-11-13 20:13:56,667:INFO:Creating metrics dataframe
2021-11-13 20:13:56,670:INFO:Uploading results into container
2021-11-13 20:13:56,670:INFO:Uploading model into container now
2021-11-13 20:13:56,670:INFO:create_model_container: 5
2021-11-13 20:13:56,671:INFO:master_model_container: 5
2021-11-13 20:13:56,671:INFO:display_container: 2
2021-11-13 20:13:56,671:INFO:SGDClassifier(alpha=0.0001, average=False, class_weight=None,
              early_stopping=False, epsilon=0.1, eta0=0.001, fit_intercept=True,
              l1_ratio=0.15, learning_rate='optimal', loss='hinge',
              max_iter=1000, n_iter_no_change=5, n_jobs=-1, penalty='l2',
              power_t=0.5, random_state=1, shuffle=True, tol=0.001,
              validation_fraction=0.1, verbose=0, warm_start=False)
2021-11-13 20:13:56,671:INFO:create_model() succesfully completed......................................
2021-11-13 20:13:56,729:INFO:SubProcess create_model() end ==================================
2021-11-13 20:13:56,730:INFO:Creating metrics dataframe
2021-11-13 20:13:56,748:INFO:Initializing Ridge Classifier
2021-11-13 20:13:56,748:INFO:Total runtime is 0.21061070362726847 minutes
2021-11-13 20:13:56,756:INFO:SubProcess create_model() called ==================================
2021-11-13 20:13:56,757:INFO:Initializing create_model()
2021-11-13 20:13:56,757:INFO:create_model(estimator=ridge, fold=StratifiedKFold(n_splits=10, random_state=None, shuffle=False), round=4, cross_validation=True, predict=True, fit_kwargs={}, groups=None, refit=False, verbose=False, system=False, metrics=None, add_to_model_list=True, display=<pycaret.internal.Display.Display object at 0x0000013F0E38BB80>, kwargs={})
2021-11-13 20:13:56,757:INFO:Checking exceptions
2021-11-13 20:13:56,757:INFO:Importing libraries
2021-11-13 20:13:56,757:INFO:Copying training dataset
2021-11-13 20:13:56,759:INFO:Defining folds
2021-11-13 20:13:56,759:INFO:Declaring metric variables
2021-11-13 20:13:56,767:INFO:Importing untrained model
2021-11-13 20:13:56,776:INFO:Ridge Classifier Imported succesfully
2021-11-13 20:13:56,794:INFO:Starting cross validation
2021-11-13 20:13:56,794:INFO:Cross validating with StratifiedKFold(n_splits=10, random_state=None, shuffle=False), n_jobs=-1
2021-11-13 20:13:57,000:INFO:Calculating mean and std
2021-11-13 20:13:57,001:INFO:Creating metrics dataframe
2021-11-13 20:13:57,004:INFO:Uploading results into container
2021-11-13 20:13:57,005:INFO:Uploading model into container now
2021-11-13 20:13:57,005:INFO:create_model_container: 6
2021-11-13 20:13:57,005:INFO:master_model_container: 6
2021-11-13 20:13:57,005:INFO:display_container: 2
2021-11-13 20:13:57,005:INFO:RidgeClassifier(alpha=1.0, class_weight=None, copy_X=True, fit_intercept=True,
                max_iter=None, normalize=False, random_state=1, solver='auto',
                tol=0.001)
2021-11-13 20:13:57,005:INFO:create_model() succesfully completed......................................
2021-11-13 20:13:57,064:INFO:SubProcess create_model() end ==================================
2021-11-13 20:13:57,064:INFO:Creating metrics dataframe
2021-11-13 20:13:57,081:INFO:Initializing Random Forest Classifier
2021-11-13 20:13:57,081:INFO:Total runtime is 0.21616381804148355 minutes
2021-11-13 20:13:57,089:INFO:SubProcess create_model() called ==================================
2021-11-13 20:13:57,089:INFO:Initializing create_model()
2021-11-13 20:13:57,089:INFO:create_model(estimator=rf, fold=StratifiedKFold(n_splits=10, random_state=None, shuffle=False), round=4, cross_validation=True, predict=True, fit_kwargs={}, groups=None, refit=False, verbose=False, system=False, metrics=None, add_to_model_list=True, display=<pycaret.internal.Display.Display object at 0x0000013F0E38BB80>, kwargs={})
2021-11-13 20:13:57,090:INFO:Checking exceptions
2021-11-13 20:13:57,090:INFO:Importing libraries
2021-11-13 20:13:57,090:INFO:Copying training dataset
2021-11-13 20:13:57,091:INFO:Defining folds
2021-11-13 20:13:57,091:INFO:Declaring metric variables
2021-11-13 20:13:57,099:INFO:Importing untrained model
2021-11-13 20:13:57,113:INFO:Random Forest Classifier Imported succesfully
2021-11-13 20:13:57,127:INFO:Starting cross validation
2021-11-13 20:13:57,128:INFO:Cross validating with StratifiedKFold(n_splits=10, random_state=None, shuffle=False), n_jobs=-1
2021-11-13 20:14:01,795:INFO:Calculating mean and std
2021-11-13 20:14:01,795:INFO:Creating metrics dataframe
2021-11-13 20:14:01,799:INFO:Uploading results into container
2021-11-13 20:14:01,799:INFO:Uploading model into container now
2021-11-13 20:14:01,799:INFO:create_model_container: 7
2021-11-13 20:14:01,799:INFO:master_model_container: 7
2021-11-13 20:14:01,799:INFO:display_container: 2
2021-11-13 20:14:01,799:INFO:RandomForestClassifier(bootstrap=True, ccp_alpha=0.0, class_weight=None,
                       criterion='gini', max_depth=None, max_features='auto',
                       max_leaf_nodes=None, max_samples=None,
                       min_impurity_decrease=0.0, min_impurity_split=None,
                       min_samples_leaf=1, min_samples_split=2,
                       min_weight_fraction_leaf=0.0, n_estimators=100,
                       n_jobs=-1, oob_score=False, random_state=1, verbose=0,
                       warm_start=False)
2021-11-13 20:14:01,799:INFO:create_model() succesfully completed......................................
2021-11-13 20:14:01,858:INFO:SubProcess create_model() end ==================================
2021-11-13 20:14:01,858:INFO:Creating metrics dataframe
2021-11-13 20:14:01,874:INFO:Initializing Quadratic Discriminant Analysis
2021-11-13 20:14:01,875:INFO:Total runtime is 0.2960588018099467 minutes
2021-11-13 20:14:01,883:INFO:SubProcess create_model() called ==================================
2021-11-13 20:14:01,884:INFO:Initializing create_model()
2021-11-13 20:14:01,884:INFO:create_model(estimator=qda, fold=StratifiedKFold(n_splits=10, random_state=None, shuffle=False), round=4, cross_validation=True, predict=True, fit_kwargs={}, groups=None, refit=False, verbose=False, system=False, metrics=None, add_to_model_list=True, display=<pycaret.internal.Display.Display object at 0x0000013F0E38BB80>, kwargs={})
2021-11-13 20:14:01,884:INFO:Checking exceptions
2021-11-13 20:14:01,884:INFO:Importing libraries
2021-11-13 20:14:01,884:INFO:Copying training dataset
2021-11-13 20:14:01,885:INFO:Defining folds
2021-11-13 20:14:01,885:INFO:Declaring metric variables
2021-11-13 20:14:01,892:INFO:Importing untrained model
2021-11-13 20:14:01,899:INFO:Quadratic Discriminant Analysis Imported succesfully
2021-11-13 20:14:01,916:INFO:Starting cross validation
2021-11-13 20:14:01,916:INFO:Cross validating with StratifiedKFold(n_splits=10, random_state=None, shuffle=False), n_jobs=-1
2021-11-13 20:14:02,143:INFO:Calculating mean and std
2021-11-13 20:14:02,144:INFO:Creating metrics dataframe
2021-11-13 20:14:02,147:INFO:Uploading results into container
2021-11-13 20:14:02,147:INFO:Uploading model into container now
2021-11-13 20:14:02,147:INFO:create_model_container: 8
2021-11-13 20:14:02,147:INFO:master_model_container: 8
2021-11-13 20:14:02,147:INFO:display_container: 2
2021-11-13 20:14:02,148:INFO:QuadraticDiscriminantAnalysis(priors=None, reg_param=0.0,
                              store_covariance=False, tol=0.0001)
2021-11-13 20:14:02,148:INFO:create_model() succesfully completed......................................
2021-11-13 20:14:02,205:INFO:SubProcess create_model() end ==================================
2021-11-13 20:14:02,205:INFO:Creating metrics dataframe
2021-11-13 20:14:02,222:INFO:Initializing Ada Boost Classifier
2021-11-13 20:14:02,222:INFO:Total runtime is 0.30185300509134927 minutes
2021-11-13 20:14:02,231:INFO:SubProcess create_model() called ==================================
2021-11-13 20:14:02,231:INFO:Initializing create_model()
2021-11-13 20:14:02,232:INFO:create_model(estimator=ada, fold=StratifiedKFold(n_splits=10, random_state=None, shuffle=False), round=4, cross_validation=True, predict=True, fit_kwargs={}, groups=None, refit=False, verbose=False, system=False, metrics=None, add_to_model_list=True, display=<pycaret.internal.Display.Display object at 0x0000013F0E38BB80>, kwargs={})
2021-11-13 20:14:02,232:INFO:Checking exceptions
2021-11-13 20:14:02,232:INFO:Importing libraries
2021-11-13 20:14:02,232:INFO:Copying training dataset
2021-11-13 20:14:02,233:INFO:Defining folds
2021-11-13 20:14:02,234:INFO:Declaring metric variables
2021-11-13 20:14:02,241:INFO:Importing untrained model
2021-11-13 20:14:02,248:INFO:Ada Boost Classifier Imported succesfully
2021-11-13 20:14:02,266:INFO:Starting cross validation
2021-11-13 20:14:02,267:INFO:Cross validating with StratifiedKFold(n_splits=10, random_state=None, shuffle=False), n_jobs=-1
2021-11-13 20:14:03,969:INFO:Calculating mean and std
2021-11-13 20:14:03,970:INFO:Creating metrics dataframe
2021-11-13 20:14:03,973:INFO:Uploading results into container
2021-11-13 20:14:03,973:INFO:Uploading model into container now
2021-11-13 20:14:03,973:INFO:create_model_container: 9
2021-11-13 20:14:03,973:INFO:master_model_container: 9
2021-11-13 20:14:03,973:INFO:display_container: 2
2021-11-13 20:14:03,974:INFO:AdaBoostClassifier(algorithm='SAMME.R', base_estimator=None, learning_rate=1.0,
                   n_estimators=50, random_state=1)
2021-11-13 20:14:03,974:INFO:create_model() succesfully completed......................................
2021-11-13 20:14:04,034:INFO:SubProcess create_model() end ==================================
2021-11-13 20:14:04,034:INFO:Creating metrics dataframe
2021-11-13 20:14:04,050:INFO:Initializing Gradient Boosting Classifier
2021-11-13 20:14:04,050:INFO:Total runtime is 0.33232156435648597 minutes
2021-11-13 20:14:04,057:INFO:SubProcess create_model() called ==================================
2021-11-13 20:14:04,057:INFO:Initializing create_model()
2021-11-13 20:14:04,058:INFO:create_model(estimator=gbc, fold=StratifiedKFold(n_splits=10, random_state=None, shuffle=False), round=4, cross_validation=True, predict=True, fit_kwargs={}, groups=None, refit=False, verbose=False, system=False, metrics=None, add_to_model_list=True, display=<pycaret.internal.Display.Display object at 0x0000013F0E38BB80>, kwargs={})
2021-11-13 20:14:04,058:INFO:Checking exceptions
2021-11-13 20:14:04,058:INFO:Importing libraries
2021-11-13 20:14:04,058:INFO:Copying training dataset
2021-11-13 20:14:04,059:INFO:Defining folds
2021-11-13 20:14:04,059:INFO:Declaring metric variables
2021-11-13 20:14:04,067:INFO:Importing untrained model
2021-11-13 20:14:04,076:INFO:Gradient Boosting Classifier Imported succesfully
2021-11-13 20:14:04,092:INFO:Starting cross validation
2021-11-13 20:14:04,092:INFO:Cross validating with StratifiedKFold(n_splits=10, random_state=None, shuffle=False), n_jobs=-1
2021-11-13 20:14:09,253:INFO:Calculating mean and std
2021-11-13 20:14:09,254:INFO:Creating metrics dataframe
2021-11-13 20:14:09,257:INFO:Uploading results into container
2021-11-13 20:14:09,258:INFO:Uploading model into container now
2021-11-13 20:14:09,258:INFO:create_model_container: 10
2021-11-13 20:14:09,258:INFO:master_model_container: 10
2021-11-13 20:14:09,258:INFO:display_container: 2
2021-11-13 20:14:09,259:INFO:GradientBoostingClassifier(ccp_alpha=0.0, criterion='friedman_mse', init=None,
                           learning_rate=0.1, loss='deviance', max_depth=3,
                           max_features=None, max_leaf_nodes=None,
                           min_impurity_decrease=0.0, min_impurity_split=None,
                           min_samples_leaf=1, min_samples_split=2,
                           min_weight_fraction_leaf=0.0, n_estimators=100,
                           n_iter_no_change=None, presort='deprecated',
                           random_state=1, subsample=1.0, tol=0.0001,
                           validation_fraction=0.1, verbose=0,
                           warm_start=False)
2021-11-13 20:14:09,259:INFO:create_model() succesfully completed......................................
2021-11-13 20:14:09,324:INFO:SubProcess create_model() end ==================================
2021-11-13 20:14:09,324:INFO:Creating metrics dataframe
2021-11-13 20:14:09,344:INFO:Initializing Linear Discriminant Analysis
2021-11-13 20:14:09,344:INFO:Total runtime is 0.42054746150970457 minutes
2021-11-13 20:14:09,353:INFO:SubProcess create_model() called ==================================
2021-11-13 20:14:09,353:INFO:Initializing create_model()
2021-11-13 20:14:09,353:INFO:create_model(estimator=lda, fold=StratifiedKFold(n_splits=10, random_state=None, shuffle=False), round=4, cross_validation=True, predict=True, fit_kwargs={}, groups=None, refit=False, verbose=False, system=False, metrics=None, add_to_model_list=True, display=<pycaret.internal.Display.Display object at 0x0000013F0E38BB80>, kwargs={})
2021-11-13 20:14:09,353:INFO:Checking exceptions
2021-11-13 20:14:09,354:INFO:Importing libraries
2021-11-13 20:14:09,354:INFO:Copying training dataset
2021-11-13 20:14:09,355:INFO:Defining folds
2021-11-13 20:14:09,355:INFO:Declaring metric variables
2021-11-13 20:14:09,364:INFO:Importing untrained model
2021-11-13 20:14:09,373:INFO:Linear Discriminant Analysis Imported succesfully
2021-11-13 20:14:09,392:INFO:Starting cross validation
2021-11-13 20:14:09,392:INFO:Cross validating with StratifiedKFold(n_splits=10, random_state=None, shuffle=False), n_jobs=-1
2021-11-13 20:14:09,743:INFO:Calculating mean and std
2021-11-13 20:14:09,744:INFO:Creating metrics dataframe
2021-11-13 20:14:09,747:INFO:Uploading results into container
2021-11-13 20:14:09,747:INFO:Uploading model into container now
2021-11-13 20:14:09,747:INFO:create_model_container: 11
2021-11-13 20:14:09,747:INFO:master_model_container: 11
2021-11-13 20:14:09,747:INFO:display_container: 2
2021-11-13 20:14:09,748:INFO:LinearDiscriminantAnalysis(n_components=None, priors=None, shrinkage=None,
                           solver='svd', store_covariance=False, tol=0.0001)
2021-11-13 20:14:09,748:INFO:create_model() succesfully completed......................................
2021-11-13 20:14:09,810:INFO:SubProcess create_model() end ==================================
2021-11-13 20:14:09,811:INFO:Creating metrics dataframe
2021-11-13 20:14:09,829:INFO:Initializing Extra Trees Classifier
2021-11-13 20:14:09,829:INFO:Total runtime is 0.4286365707715352 minutes
2021-11-13 20:14:09,837:INFO:SubProcess create_model() called ==================================
2021-11-13 20:14:09,837:INFO:Initializing create_model()
2021-11-13 20:14:09,837:INFO:create_model(estimator=et, fold=StratifiedKFold(n_splits=10, random_state=None, shuffle=False), round=4, cross_validation=True, predict=True, fit_kwargs={}, groups=None, refit=False, verbose=False, system=False, metrics=None, add_to_model_list=True, display=<pycaret.internal.Display.Display object at 0x0000013F0E38BB80>, kwargs={})
2021-11-13 20:14:09,838:INFO:Checking exceptions
2021-11-13 20:14:09,838:INFO:Importing libraries
2021-11-13 20:14:09,838:INFO:Copying training dataset
2021-11-13 20:14:09,839:INFO:Defining folds
2021-11-13 20:14:09,839:INFO:Declaring metric variables
2021-11-13 20:14:09,847:INFO:Importing untrained model
2021-11-13 20:14:09,856:INFO:Extra Trees Classifier Imported succesfully
2021-11-13 20:14:09,871:INFO:Starting cross validation
2021-11-13 20:14:09,871:INFO:Cross validating with StratifiedKFold(n_splits=10, random_state=None, shuffle=False), n_jobs=-1
2021-11-13 20:14:13,620:INFO:Calculating mean and std
2021-11-13 20:14:13,621:INFO:Creating metrics dataframe
2021-11-13 20:14:13,625:INFO:Uploading results into container
2021-11-13 20:14:13,625:INFO:Uploading model into container now
2021-11-13 20:14:13,625:INFO:create_model_container: 12
2021-11-13 20:14:13,626:INFO:master_model_container: 12
2021-11-13 20:14:13,626:INFO:display_container: 2
2021-11-13 20:14:13,626:INFO:ExtraTreesClassifier(bootstrap=False, ccp_alpha=0.0, class_weight=None,
                     criterion='gini', max_depth=None, max_features='auto',
                     max_leaf_nodes=None, max_samples=None,
                     min_impurity_decrease=0.0, min_impurity_split=None,
                     min_samples_leaf=1, min_samples_split=2,
                     min_weight_fraction_leaf=0.0, n_estimators=100, n_jobs=-1,
                     oob_score=False, random_state=1, verbose=0,
                     warm_start=False)
2021-11-13 20:14:13,627:INFO:create_model() succesfully completed......................................
2021-11-13 20:14:13,689:INFO:SubProcess create_model() end ==================================
2021-11-13 20:14:13,689:INFO:Creating metrics dataframe
2021-11-13 20:14:13,707:INFO:Initializing Extreme Gradient Boosting
2021-11-13 20:14:13,707:INFO:Total runtime is 0.49326417048772175 minutes
2021-11-13 20:14:13,714:INFO:SubProcess create_model() called ==================================
2021-11-13 20:14:13,715:INFO:Initializing create_model()
2021-11-13 20:14:13,715:INFO:create_model(estimator=xgboost, fold=StratifiedKFold(n_splits=10, random_state=None, shuffle=False), round=4, cross_validation=True, predict=True, fit_kwargs={}, groups=None, refit=False, verbose=False, system=False, metrics=None, add_to_model_list=True, display=<pycaret.internal.Display.Display object at 0x0000013F0E38BB80>, kwargs={})
2021-11-13 20:14:13,715:INFO:Checking exceptions
2021-11-13 20:14:13,715:INFO:Importing libraries
2021-11-13 20:14:13,715:INFO:Copying training dataset
2021-11-13 20:14:13,716:INFO:Defining folds
2021-11-13 20:14:13,716:INFO:Declaring metric variables
2021-11-13 20:14:13,723:INFO:Importing untrained model
2021-11-13 20:14:13,732:INFO:Extreme Gradient Boosting Imported succesfully
2021-11-13 20:14:13,748:INFO:Starting cross validation
2021-11-13 20:14:13,750:INFO:Cross validating with StratifiedKFold(n_splits=10, random_state=None, shuffle=False), n_jobs=-1
2021-11-13 20:14:21,450:INFO:Calculating mean and std
2021-11-13 20:14:21,451:INFO:Creating metrics dataframe
2021-11-13 20:14:21,456:INFO:Uploading results into container
2021-11-13 20:14:21,456:INFO:Uploading model into container now
2021-11-13 20:14:21,456:INFO:create_model_container: 13
2021-11-13 20:14:21,456:INFO:master_model_container: 13
2021-11-13 20:14:21,456:INFO:display_container: 2
2021-11-13 20:14:21,457:INFO:XGBClassifier(base_score=None, booster='gbtree', colsample_bylevel=None,
              colsample_bynode=None, colsample_bytree=None, gamma=None,
              gpu_id=None, importance_type='gain', interaction_constraints=None,
              learning_rate=None, max_delta_step=None, max_depth=None,
              min_child_weight=None, missing=nan, monotone_constraints=None,
              n_estimators=100, n_jobs=-1, num_parallel_tree=None,
              objective='binary:logistic', random_state=1, reg_alpha=None,
              reg_lambda=None, scale_pos_weight=None, subsample=None,
              tree_method='auto', use_label_encoder=True,
              validate_parameters=None, verbosity=0)
2021-11-13 20:14:21,457:INFO:create_model() succesfully completed......................................
2021-11-13 20:14:21,521:INFO:SubProcess create_model() end ==================================
2021-11-13 20:14:21,522:INFO:Creating metrics dataframe
2021-11-13 20:14:21,542:INFO:Initializing Light Gradient Boosting Machine
2021-11-13 20:14:21,542:INFO:Total runtime is 0.62384645541509 minutes
2021-11-13 20:14:21,550:INFO:SubProcess create_model() called ==================================
2021-11-13 20:14:21,550:INFO:Initializing create_model()
2021-11-13 20:14:21,550:INFO:create_model(estimator=lightgbm, fold=StratifiedKFold(n_splits=10, random_state=None, shuffle=False), round=4, cross_validation=True, predict=True, fit_kwargs={}, groups=None, refit=False, verbose=False, system=False, metrics=None, add_to_model_list=True, display=<pycaret.internal.Display.Display object at 0x0000013F0E38BB80>, kwargs={})
2021-11-13 20:14:21,550:INFO:Checking exceptions
2021-11-13 20:14:21,550:INFO:Importing libraries
2021-11-13 20:14:21,550:INFO:Copying training dataset
2021-11-13 20:14:21,551:INFO:Defining folds
2021-11-13 20:14:21,552:INFO:Declaring metric variables
2021-11-13 20:14:21,560:INFO:Importing untrained model
2021-11-13 20:14:21,568:INFO:Light Gradient Boosting Machine Imported succesfully
2021-11-13 20:14:21,587:INFO:Starting cross validation
2021-11-13 20:14:21,588:INFO:Cross validating with StratifiedKFold(n_splits=10, random_state=None, shuffle=False), n_jobs=-1
2021-11-13 20:14:24,501:INFO:Calculating mean and std
2021-11-13 20:14:24,501:INFO:Creating metrics dataframe
2021-11-13 20:14:24,505:INFO:Uploading results into container
2021-11-13 20:14:24,505:INFO:Uploading model into container now
2021-11-13 20:14:24,506:INFO:create_model_container: 14
2021-11-13 20:14:24,506:INFO:master_model_container: 14
2021-11-13 20:14:24,506:INFO:display_container: 2
2021-11-13 20:14:24,506:INFO:LGBMClassifier(boosting_type='gbdt', class_weight=None, colsample_bytree=1.0,
               importance_type='split', learning_rate=0.1, max_depth=-1,
               min_child_samples=20, min_child_weight=0.001, min_split_gain=0.0,
               n_estimators=100, n_jobs=-1, num_leaves=31, objective=None,
               random_state=1, reg_alpha=0.0, reg_lambda=0.0, silent=True,
               subsample=1.0, subsample_for_bin=200000, subsample_freq=0)
2021-11-13 20:14:24,506:INFO:create_model() succesfully completed......................................
2021-11-13 20:14:24,564:INFO:SubProcess create_model() end ==================================
2021-11-13 20:14:24,565:INFO:Creating metrics dataframe
2021-11-13 20:14:24,583:INFO:Initializing CatBoost Classifier
2021-11-13 20:14:24,584:INFO:Total runtime is 0.6745453914006552 minutes
2021-11-13 20:14:24,591:INFO:SubProcess create_model() called ==================================
2021-11-13 20:14:24,591:INFO:Initializing create_model()
2021-11-13 20:14:24,591:INFO:create_model(estimator=catboost, fold=StratifiedKFold(n_splits=10, random_state=None, shuffle=False), round=4, cross_validation=True, predict=True, fit_kwargs={}, groups=None, refit=False, verbose=False, system=False, metrics=None, add_to_model_list=True, display=<pycaret.internal.Display.Display object at 0x0000013F0E38BB80>, kwargs={})
2021-11-13 20:14:24,591:INFO:Checking exceptions
2021-11-13 20:14:24,591:INFO:Importing libraries
2021-11-13 20:14:24,591:INFO:Copying training dataset
2021-11-13 20:14:24,592:INFO:Defining folds
2021-11-13 20:14:24,593:INFO:Declaring metric variables
2021-11-13 20:14:24,600:INFO:Importing untrained model
2021-11-13 20:14:24,608:INFO:CatBoost Classifier Imported succesfully
2021-11-13 20:14:24,624:INFO:Starting cross validation
2021-11-13 20:14:24,628:INFO:Cross validating with StratifiedKFold(n_splits=10, random_state=None, shuffle=False), n_jobs=-1
2021-11-13 20:14:35,822:INFO:Calculating mean and std
2021-11-13 20:14:35,823:INFO:Creating metrics dataframe
2021-11-13 20:14:35,826:INFO:Uploading results into container
2021-11-13 20:14:35,826:INFO:Uploading model into container now
2021-11-13 20:14:35,826:INFO:create_model_container: 15
2021-11-13 20:14:35,826:INFO:master_model_container: 15
2021-11-13 20:14:35,826:INFO:display_container: 2
2021-11-13 20:14:35,827:INFO:<catboost.core.CatBoostClassifier object at 0x0000013F13D10F40>
2021-11-13 20:14:35,827:INFO:create_model() succesfully completed......................................
2021-11-13 20:14:35,882:WARNING:create_model() for <catboost.core.CatBoostClassifier object at 0x0000013F13D10F40> raised an exception or returned all 0.0, trying without fit_kwargs:
2021-11-13 20:14:35,894:WARNING:Traceback (most recent call last):
  File "C:\Users\Derek\anaconda3\lib\site-packages\pycaret\internal\tabular.py", line 2179, in compare_models
    assert np.sum(model_results.iloc[0]) != 0.0
AssertionError

2021-11-13 20:14:35,894:INFO:Initializing create_model()
2021-11-13 20:14:35,894:INFO:create_model(estimator=<catboost.core.CatBoostClassifier object at 0x0000013F13D10F40>, fold=StratifiedKFold(n_splits=10, random_state=None, shuffle=False), round=4, cross_validation=True, predict=True, fit_kwargs=None, groups=None, refit=False, verbose=False, system=False, metrics=None, add_to_model_list=True, display=<pycaret.internal.Display.Display object at 0x0000013F0E38BB80>, kwargs={})
2021-11-13 20:14:35,894:INFO:Checking exceptions
2021-11-13 20:14:35,894:INFO:Importing libraries
2021-11-13 20:14:35,894:INFO:Copying training dataset
2021-11-13 20:14:35,895:INFO:Defining folds
2021-11-13 20:14:35,895:INFO:Declaring metric variables
2021-11-13 20:14:35,902:INFO:Importing untrained model
2021-11-13 20:14:35,902:INFO:Declaring custom model
2021-11-13 20:14:35,910:INFO:CatBoost Classifier Imported succesfully
2021-11-13 20:14:35,927:INFO:Starting cross validation
2021-11-13 20:14:35,928:INFO:Cross validating with StratifiedKFold(n_splits=10, random_state=None, shuffle=False), n_jobs=-1
2021-11-13 20:15:39,958:INFO:Calculating mean and std
2021-11-13 20:15:39,959:INFO:Creating metrics dataframe
2021-11-13 20:15:39,961:INFO:Uploading results into container
2021-11-13 20:15:39,962:INFO:Uploading model into container now
2021-11-13 20:15:39,962:INFO:create_model_container: 16
2021-11-13 20:15:39,962:INFO:master_model_container: 16
2021-11-13 20:15:39,962:INFO:display_container: 2
2021-11-13 20:15:39,962:INFO:<catboost.core.CatBoostClassifier object at 0x0000013F15630B80>
2021-11-13 20:15:39,962:INFO:create_model() succesfully completed......................................
2021-11-13 20:15:40,027:INFO:SubProcess create_model() end ==================================
2021-11-13 20:15:40,027:INFO:Creating metrics dataframe
2021-11-13 20:15:40,062:INFO:Initializing create_model()
2021-11-13 20:15:40,062:INFO:create_model(estimator=XGBClassifier(base_score=None, booster='gbtree', colsample_bylevel=None,
              colsample_bynode=None, colsample_bytree=None, gamma=None,
              gpu_id=None, importance_type='gain', interaction_constraints=None,
              learning_rate=None, max_delta_step=None, max_depth=None,
              min_child_weight=None, missing=nan, monotone_constraints=None,
              n_estimators=100, n_jobs=-1, num_parallel_tree=None,
              objective='binary:logistic', random_state=1, reg_alpha=None,
              reg_lambda=None, scale_pos_weight=None, subsample=None,
              tree_method='auto', use_label_encoder=True,
              validate_parameters=None, verbosity=0), fold=StratifiedKFold(n_splits=10, random_state=None, shuffle=False), round=4, cross_validation=False, predict=False, fit_kwargs={}, groups=None, refit=True, verbose=False, system=False, metrics=None, add_to_model_list=True, display=None, kwargs={})
2021-11-13 20:15:40,063:INFO:Checking exceptions
2021-11-13 20:15:40,063:INFO:Importing libraries
2021-11-13 20:15:40,063:INFO:Copying training dataset
2021-11-13 20:15:40,064:INFO:Defining folds
2021-11-13 20:15:40,064:INFO:Declaring metric variables
2021-11-13 20:15:40,064:INFO:Importing untrained model
2021-11-13 20:15:40,064:INFO:Declaring custom model
2021-11-13 20:15:40,065:INFO:Extreme Gradient Boosting Imported succesfully
2021-11-13 20:15:40,066:INFO:Cross validation set to False
2021-11-13 20:15:40,066:INFO:Fitting Model
2021-11-13 20:15:41,514:INFO:XGBClassifier(base_score=0.5, booster='gbtree', colsample_bylevel=1,
              colsample_bynode=1, colsample_bytree=1, gamma=0, gpu_id=-1,
              importance_type='gain', interaction_constraints='',
              learning_rate=0.300000012, max_delta_step=0, max_depth=6,
              min_child_weight=1, missing=nan, monotone_constraints='()',
              n_estimators=100, n_jobs=-1, num_parallel_tree=1,
              objective='binary:logistic', random_state=1, reg_alpha=0,
              reg_lambda=1, scale_pos_weight=1, subsample=1, tree_method='auto',
              use_label_encoder=True, validate_parameters=1, verbosity=0)
2021-11-13 20:15:41,514:INFO:create_models() succesfully completed......................................
2021-11-13 20:15:41,615:INFO:create_model_container: 16
2021-11-13 20:15:41,615:INFO:master_model_container: 16
2021-11-13 20:15:41,615:INFO:display_container: 2
2021-11-13 20:15:41,617:INFO:XGBClassifier(base_score=0.5, booster='gbtree', colsample_bylevel=1,
              colsample_bynode=1, colsample_bytree=1, gamma=0, gpu_id=-1,
              importance_type='gain', interaction_constraints='',
              learning_rate=0.300000012, max_delta_step=0, max_depth=6,
              min_child_weight=1, missing=nan, monotone_constraints='()',
              n_estimators=100, n_jobs=-1, num_parallel_tree=1,
              objective='binary:logistic', random_state=1, reg_alpha=0,
              reg_lambda=1, scale_pos_weight=1, subsample=1, tree_method='auto',
              use_label_encoder=True, validate_parameters=1, verbosity=0)
2021-11-13 20:15:41,617:INFO:compare_models() succesfully completed......................................
2021-11-13 20:16:08,327:INFO:Initializing create_model()
2021-11-13 20:16:08,328:INFO:create_model(estimator=xgboost, fold=None, round=4, cross_validation=True, predict=True, fit_kwargs=None, groups=None, refit=True, verbose=True, system=True, metrics=None, add_to_model_list=True, display=None, kwargs={})
2021-11-13 20:16:08,328:INFO:Checking exceptions
2021-11-13 20:16:08,328:INFO:Preparing display monitor
2021-11-13 20:16:08,344:INFO:Importing libraries
2021-11-13 20:16:08,344:INFO:Copying training dataset
2021-11-13 20:16:08,345:INFO:Defining folds
2021-11-13 20:16:08,346:INFO:Declaring metric variables
2021-11-13 20:16:08,352:INFO:Importing untrained model
2021-11-13 20:16:08,360:INFO:Extreme Gradient Boosting Imported succesfully
2021-11-13 20:16:08,377:INFO:Starting cross validation
2021-11-13 20:16:08,378:INFO:Cross validating with StratifiedKFold(n_splits=10, random_state=None, shuffle=False), n_jobs=-1
2021-11-13 20:16:15,182:INFO:Calculating mean and std
2021-11-13 20:16:15,183:INFO:Creating metrics dataframe
2021-11-13 20:16:15,193:INFO:Finalizing model
2021-11-13 20:16:16,635:INFO:Uploading results into container
2021-11-13 20:16:16,636:INFO:Uploading model into container now
2021-11-13 20:16:16,649:INFO:create_model_container: 17
2021-11-13 20:16:16,649:INFO:master_model_container: 17
2021-11-13 20:16:16,649:INFO:display_container: 3
2021-11-13 20:16:16,651:INFO:XGBClassifier(base_score=0.5, booster='gbtree', colsample_bylevel=1,
              colsample_bynode=1, colsample_bytree=1, gamma=0, gpu_id=-1,
              importance_type='gain', interaction_constraints='',
              learning_rate=0.300000012, max_delta_step=0, max_depth=6,
              min_child_weight=1, missing=nan, monotone_constraints='()',
              n_estimators=100, n_jobs=-1, num_parallel_tree=1,
              objective='binary:logistic', random_state=1, reg_alpha=0,
              reg_lambda=1, scale_pos_weight=1, subsample=1, tree_method='auto',
              use_label_encoder=True, validate_parameters=1, verbosity=0)
2021-11-13 20:16:16,651:INFO:create_model() succesfully completed......................................
2021-11-13 20:17:09,832:INFO:Initializing plot_model()
2021-11-13 20:17:09,832:INFO:plot_model(fold=None, use_train_data=False, verbose=True, is_in_evaluate=False, display=None, display_format=None, estimator=XGBClassifier(base_score=0.5, booster='gbtree', colsample_bylevel=1,
              colsample_bynode=1, colsample_bytree=1, gamma=0, gpu_id=-1,
              importance_type='gain', interaction_constraints='',
              learning_rate=0.300000012, max_delta_step=0, max_depth=6,
              min_child_weight=1, missing=nan, monotone_constraints='()',
              n_estimators=100, n_jobs=-1, num_parallel_tree=1,
              objective='binary:logistic', random_state=1, reg_alpha=0,
              reg_lambda=1, scale_pos_weight=1, subsample=1, tree_method='auto',
              use_label_encoder=True, validate_parameters=1, verbosity=0), feature_name=None, fit_kwargs=None, groups=None, label=False, plot=auc, save=False, scale=1, system=True)
2021-11-13 20:17:09,832:INFO:Checking exceptions
2021-11-13 20:17:09,878:INFO:Preparing display monitor
2021-11-13 20:17:09,883:INFO:Preloading libraries
2021-11-13 20:17:09,917:INFO:Copying training dataset
2021-11-13 20:17:09,918:INFO:Copying test dataset
2021-11-13 20:17:09,918:INFO:Plot type: auc
2021-11-13 20:17:10,125:INFO:Fitting Model
2021-11-13 20:17:10,127:INFO:Scoring test/hold-out set
2021-11-13 20:17:10,449:INFO:Visual Rendered Successfully
2021-11-13 20:17:10,516:INFO:plot_model() succesfully completed......................................
2021-11-13 20:17:17,785:INFO:Initializing plot_model()
2021-11-13 20:17:17,785:INFO:plot_model(fold=None, use_train_data=False, verbose=True, is_in_evaluate=False, display=None, display_format=None, estimator=XGBClassifier(base_score=0.5, booster='gbtree', colsample_bylevel=1,
              colsample_bynode=1, colsample_bytree=1, gamma=0, gpu_id=-1,
              importance_type='gain', interaction_constraints='',
              learning_rate=0.300000012, max_delta_step=0, max_depth=6,
              min_child_weight=1, missing=nan, monotone_constraints='()',
              n_estimators=100, n_jobs=-1, num_parallel_tree=1,
              objective='binary:logistic', random_state=1, reg_alpha=0,
              reg_lambda=1, scale_pos_weight=1, subsample=1, tree_method='auto',
              use_label_encoder=True, validate_parameters=1, verbosity=0), feature_name=None, fit_kwargs=None, groups=None, label=False, plot=confusion_matrix, save=False, scale=1, system=True)
2021-11-13 20:17:17,785:INFO:Checking exceptions
2021-11-13 20:17:17,829:INFO:Preparing display monitor
2021-11-13 20:17:17,834:INFO:Preloading libraries
2021-11-13 20:17:17,867:INFO:Copying training dataset
2021-11-13 20:17:17,868:INFO:Copying test dataset
2021-11-13 20:17:17,868:INFO:Plot type: confusion_matrix
2021-11-13 20:17:17,955:INFO:Fitting Model
2021-11-13 20:17:17,957:INFO:Scoring test/hold-out set
2021-11-13 20:17:18,209:INFO:Visual Rendered Successfully
2021-11-13 20:17:18,267:INFO:plot_model() succesfully completed......................................
2021-11-13 20:18:25,929:INFO:Initializing evaluate_model()
2021-11-13 20:18:25,929:INFO:evaluate_model(estimator=XGBClassifier(base_score=0.5, booster='gbtree', colsample_bylevel=1,
              colsample_bynode=1, colsample_bytree=1, gamma=0, gpu_id=-1,
              importance_type='gain', interaction_constraints='',
              learning_rate=0.300000012, max_delta_step=0, max_depth=6,
              min_child_weight=1, missing=nan, monotone_constraints='()',
              n_estimators=100, n_jobs=-1, num_parallel_tree=1,
              objective='binary:logistic', random_state=1, reg_alpha=0,
              reg_lambda=1, scale_pos_weight=1, subsample=1, tree_method='auto',
              use_label_encoder=True, validate_parameters=1, verbosity=0), fold=None, fit_kwargs=None, feature_name=None, groups=None, use_train_data=False)
2021-11-13 20:18:25,947:INFO:Initializing plot_model()
2021-11-13 20:18:25,947:INFO:plot_model(fold=StratifiedKFold(n_splits=10, random_state=None, shuffle=False), use_train_data=False, verbose=True, is_in_evaluate=True, display=None, display_format=None, estimator=XGBClassifier(base_score=0.5, booster='gbtree', colsample_bylevel=1,
              colsample_bynode=1, colsample_bytree=1, gamma=0, gpu_id=-1,
              importance_type='gain', interaction_constraints='',
              learning_rate=0.300000012, max_delta_step=0, max_depth=6,
              min_child_weight=1, missing=nan, monotone_constraints='()',
              n_estimators=100, n_jobs=-1, num_parallel_tree=1,
              objective='binary:logistic', random_state=1, reg_alpha=0,
              reg_lambda=1, scale_pos_weight=1, subsample=1, tree_method='auto',
              use_label_encoder=True, validate_parameters=1, verbosity=0), feature_name=None, fit_kwargs={}, groups=None, label=False, plot=parameter, save=False, scale=1, system=True)
2021-11-13 20:18:25,947:INFO:Checking exceptions
2021-11-13 20:18:25,991:INFO:Preparing display monitor
2021-11-13 20:18:25,997:INFO:Preloading libraries
2021-11-13 20:18:26,028:INFO:Copying training dataset
2021-11-13 20:18:26,029:INFO:Copying test dataset
2021-11-13 20:18:26,029:INFO:Plot type: parameter
2021-11-13 20:18:26,120:INFO:Visual Rendered Successfully
2021-11-13 20:18:26,182:INFO:plot_model() succesfully completed......................................
2021-11-13 20:18:28,714:INFO:Initializing predict_model()
2021-11-13 20:18:28,714:INFO:predict_model(estimator=XGBClassifier(base_score=0.5, booster='gbtree', colsample_bylevel=1,
              colsample_bynode=1, colsample_bytree=1, gamma=0, gpu_id=-1,
              importance_type='gain', interaction_constraints='',
              learning_rate=0.300000012, max_delta_step=0, max_depth=6,
              min_child_weight=1, missing=nan, monotone_constraints='()',
              n_estimators=100, n_jobs=-1, num_parallel_tree=1,
              objective='binary:logistic', random_state=1, reg_alpha=0,
              reg_lambda=1, scale_pos_weight=1, subsample=1, tree_method='auto',
              use_label_encoder=True, validate_parameters=1, verbosity=0), probability_threshold=None, encoded_labels=False, raw_score=False, round=4, verbose=True, ml_usecase=MLUsecase.CLASSIFICATION, display=None)
2021-11-13 20:18:28,714:INFO:Checking exceptions
2021-11-13 20:18:28,714:INFO:Preloading libraries
2021-11-13 20:18:28,714:INFO:Preparing display monitor
2021-11-13 20:18:29,514:INFO:Initializing finalize_model()
2021-11-13 20:18:29,514:INFO:finalize_model(estimator=XGBClassifier(base_score=0.5, booster='gbtree', colsample_bylevel=1,
              colsample_bynode=1, colsample_bytree=1, gamma=0, gpu_id=-1,
              importance_type='gain', interaction_constraints='',
              learning_rate=0.300000012, max_delta_step=0, max_depth=6,
              min_child_weight=1, missing=nan, monotone_constraints='()',
              n_estimators=100, n_jobs=-1, num_parallel_tree=1,
              objective='binary:logistic', random_state=1, reg_alpha=0,
              reg_lambda=1, scale_pos_weight=1, subsample=1, tree_method='auto',
              use_label_encoder=True, validate_parameters=1, verbosity=0), fit_kwargs=None, groups=None, model_only=True, display=None)
2021-11-13 20:18:29,516:INFO:Finalizing XGBClassifier(base_score=0.5, booster='gbtree', colsample_bylevel=1,
              colsample_bynode=1, colsample_bytree=1, gamma=0, gpu_id=-1,
              importance_type='gain', interaction_constraints='',
              learning_rate=0.300000012, max_delta_step=0, max_depth=6,
              min_child_weight=1, missing=nan, monotone_constraints='()',
              n_estimators=100, n_jobs=-1, num_parallel_tree=1,
              objective='binary:logistic', random_state=1, reg_alpha=0,
              reg_lambda=1, scale_pos_weight=1, subsample=1, tree_method='auto',
              use_label_encoder=True, validate_parameters=1, verbosity=0)
2021-11-13 20:18:29,518:INFO:Initializing create_model()
2021-11-13 20:18:29,518:INFO:create_model(estimator=XGBClassifier(base_score=0.5, booster='gbtree', colsample_bylevel=1,
              colsample_bynode=1, colsample_bytree=1, gamma=0, gpu_id=-1,
              importance_type='gain', interaction_constraints='',
              learning_rate=0.300000012, max_delta_step=0, max_depth=6,
              min_child_weight=1, missing=nan, monotone_constraints='()',
              n_estimators=100, n_jobs=-1, num_parallel_tree=1,
              objective='binary:logistic', random_state=1, reg_alpha=0,
              reg_lambda=1, scale_pos_weight=1, subsample=1, tree_method='auto',
              use_label_encoder=True, validate_parameters=1, verbosity=0), fold=None, round=4, cross_validation=True, predict=True, fit_kwargs={}, groups=None, refit=True, verbose=False, system=False, metrics=None, add_to_model_list=False, display=None, kwargs={})
2021-11-13 20:18:29,518:INFO:Checking exceptions
2021-11-13 20:18:29,518:INFO:Importing libraries
2021-11-13 20:18:29,518:INFO:Copying training dataset
2021-11-13 20:18:29,519:INFO:Defining folds
2021-11-13 20:18:29,519:INFO:Declaring metric variables
2021-11-13 20:18:29,519:INFO:Importing untrained model
2021-11-13 20:18:29,519:INFO:Declaring custom model
2021-11-13 20:18:29,521:INFO:Extreme Gradient Boosting Imported succesfully
2021-11-13 20:18:29,521:INFO:Starting cross validation
2021-11-13 20:18:29,522:INFO:Cross validating with StratifiedKFold(n_splits=10, random_state=None, shuffle=False), n_jobs=-1
2021-11-13 20:18:37,324:INFO:Calculating mean and std
2021-11-13 20:18:37,325:INFO:Creating metrics dataframe
2021-11-13 20:18:37,327:INFO:Finalizing model
2021-11-13 20:18:39,045:INFO:create_model_container: 17
2021-11-13 20:18:39,045:INFO:master_model_container: 17
2021-11-13 20:18:39,045:INFO:display_container: 5
2021-11-13 20:18:39,046:INFO:XGBClassifier(base_score=0.5, booster='gbtree', colsample_bylevel=1,
              colsample_bynode=1, colsample_bytree=1, gamma=0, gpu_id=-1,
              importance_type='gain', interaction_constraints='',
              learning_rate=0.300000012, max_delta_step=0, max_depth=6,
              min_child_weight=1, missing=nan, monotone_constraints='()',
              n_estimators=100, n_jobs=-1, num_parallel_tree=1,
              objective='binary:logistic', random_state=1, reg_alpha=0,
              reg_lambda=1, scale_pos_weight=1, subsample=1, tree_method='auto',
              use_label_encoder=True, validate_parameters=1, verbosity=0)
2021-11-13 20:18:39,047:INFO:create_model() succesfully completed......................................
2021-11-13 20:18:39,105:INFO:create_model_container: 17
2021-11-13 20:18:39,105:INFO:master_model_container: 17
2021-11-13 20:18:39,105:INFO:display_container: 4
2021-11-13 20:18:39,107:INFO:XGBClassifier(base_score=0.5, booster='gbtree', colsample_bylevel=1,
              colsample_bynode=1, colsample_bytree=1, gamma=0, gpu_id=-1,
              importance_type='gain', interaction_constraints='',
              learning_rate=0.300000012, max_delta_step=0, max_depth=6,
              min_child_weight=1, missing=nan, monotone_constraints='()',
              n_estimators=100, n_jobs=-1, num_parallel_tree=1,
              objective='binary:logistic', random_state=1, reg_alpha=0,
              reg_lambda=1, scale_pos_weight=1, subsample=1, tree_method='auto',
              use_label_encoder=True, validate_parameters=1, verbosity=0)
2021-11-13 20:18:39,107:INFO:finalize_model() succesfully completed......................................
2021-11-13 20:19:00,153:INFO:Initializing interpret_model()
2021-11-13 20:19:00,153:INFO:interpret_model(estimator=XGBClassifier(base_score=0.5, booster='gbtree', colsample_bylevel=1,
              colsample_bynode=1, colsample_bytree=1, gamma=0, gpu_id=-1,
              importance_type='gain', interaction_constraints='',
              learning_rate=0.300000012, max_delta_step=0, max_depth=6,
              min_child_weight=1, missing=nan, monotone_constraints='()',
              n_estimators=100, n_jobs=-1, num_parallel_tree=1,
              objective='binary:logistic', random_state=1, reg_alpha=0,
              reg_lambda=1, scale_pos_weight=1, subsample=1, tree_method='auto',
              use_label_encoder=True, validate_parameters=1, verbosity=0), use_train_data=False, X_new_sample=None, y_new_sample=None, feature=None, kwargs={}, observation=None, plot=summary, save=False)
2021-11-13 20:19:00,153:INFO:Checking exceptions
2021-11-13 20:19:04,091:INFO:plot type: summary
2021-11-13 20:19:04,091:INFO:Creating TreeExplainer
2021-11-13 20:19:04,195:INFO:Compiling shap values
2021-11-13 20:19:06,699:INFO:Visual Rendered Successfully
2021-11-13 20:19:06,699:INFO:interpret_model() succesfully completed......................................
